0 info it worked if it ends with ok
1 verbose cli [ 'C:\\Program Files\\nodejs\\node.exe',
1 verbose cli   'C:\\Program Files\\nodejs\\node_modules\\npm\\bin\\npm-cli.js',
1 verbose cli   'run',
1 verbose cli   'build:css' ]
2 info using npm@3.10.10
3 info using node@v6.11.3
4 verbose run-script [ 'prebuild:css', 'build:css', 'postbuild:css' ]
5 info lifecycle survivalofthebestfit@1.0.0~prebuild:css: survivalofthebestfit@1.0.0
6 silly lifecycle survivalofthebestfit@1.0.0~prebuild:css: no script for prebuild:css, continuing
7 info lifecycle survivalofthebestfit@1.0.0~build:css: survivalofthebestfit@1.0.0
8 verbose lifecycle survivalofthebestfit@1.0.0~build:css: unsafe-perm in lifecycle true
9 verbose lifecycle survivalofthebestfit@1.0.0~build:css: PATH: C:\Program Files\nodejs\node_modules\npm\bin\node-gyp-bin;C:\Users\aliae\Desktop\survivalofthebestfit\game\node_modules\.bin;C:\Program Files\nodejs\node_modules\npm\bin\node-gyp-bin;C:\Users\aliae\Desktop\survivalofthebestfit\game\node_modules\.bin;C:\Program Files\nodejs\node_modules\npm\bin\node-gyp-bin;C:\Users\aliae\Desktop\survivalofthebestfit\game\node_modules\.bin;C:\Program Files (x86)\Common Files\Intel\Shared Libraries\redist\intel64\compiler;C:\ProgramData\Oracle\Java\javapath;.;C:\Program Files (x86)\Novint\Falcon\HDAL\bin;C:\Program Files\Dell\DW WLAN Card;C:\Program Files\MiKTeX 2.9\miktex\bin\x64\;C:\Program Files\MikTeX\miktex\bin\x64\;C:\Program Files (x86)\Skype\Phone\;C:\Program Files\nodejs\;C:\Program Files\Common Files\Autodesk Shared\;C:\Program Files (x86)\Autodesk\Backburner\;C:\Program Files\Git\cmd;C:\Program Files (x86)\PuTTY\;C:\Program Files (x86)\PharosSystems\Core;C:\WINDOWS\system32;C:\WINDOWS;C:\WINDOWS\System32\Wbem;C:\WINDOWS\System32\WindowsPowerShell\v1.0\;C:\WINDOWS\System32\OpenSSH\;C:\Users\aliae\Anaconda3;C:\Users\aliae\Anaconda3\Scripts;C:\Users\aliae\Anaconda3\Library\bin;C:\Users\aliae\AppData\Local\Microsoft\WindowsApps;C:\Users\aliae\AppData\Local\atom\bin;C:\Users\aliae\AppData\Roaming\npm;C:\Users\aliae\appdata\local\atom\bin;C:\Users\aliae\AppData\Local\GitHubDesktop\bin;%USERPROFILE%\AppData\Local\Microsoft\WindowsApps
10 verbose lifecycle survivalofthebestfit@1.0.0~build:css: CWD: C:\Users\aliae\Desktop\survivalofthebestfit\game
11 silly lifecycle survivalofthebestfit@1.0.0~build:css: Args: [ '/d /s /c',
11 silly lifecycle   'node-sass --include-path node_modules/sass-mq public/scss/main.scss public/css/main.css' ]
12 silly lifecycle survivalofthebestfit@1.0.0~build:css: Returned: code: 1  signal: null
13 info lifecycle survivalofthebestfit@1.0.0~build:css: Failed to exec build:css script
14 verbose stack Error: survivalofthebestfit@1.0.0 build:css: `node-sass --include-path node_modules/sass-mq public/scss/main.scss public/css/main.css`
14 verbose stack Exit status 1
14 verbose stack     at EventEmitter.<anonymous> (C:\Program Files\nodejs\node_modules\npm\lib\utils\lifecycle.js:255:16)
14 verbose stack     at emitTwo (events.js:106:13)
14 verbose stack     at EventEmitter.emit (events.js:191:7)
14 verbose stack     at ChildProcess.<anonymous> (C:\Program Files\nodejs\node_modules\npm\lib\utils\spawn.js:40:14)
14 verbose stack     at emitTwo (events.js:106:13)
14 verbose stack     at ChildProcess.emit (events.js:191:7)
14 verbose stack     at maybeClose (internal/child_process.js:920:16)
14 verbose stack     at Process.ChildProcess._handle.onexit (internal/child_process.js:230:5)
15 verbose pkgid survivalofthebestfit@1.0.0
16 verbose cwd C:\Users\aliae\Desktop\survivalofthebestfit\game
17 error Windows_NT 10.0.17134
18 error argv "C:\\Program Files\\nodejs\\node.exe" "C:\\Program Files\\nodejs\\node_modules\\npm\\bin\\npm-cli.js" "run" "build:css"
19 error node v6.11.3
20 error npm  v3.10.10
21 error code ELIFECYCLE
22 error survivalofthebestfit@1.0.0 build:css: `node-sass --include-path node_modules/sass-mq public/scss/main.scss public/css/main.css`
22 error Exit status 1
23 error Failed at the survivalofthebestfit@1.0.0 build:css script 'node-sass --include-path node_modules/sass-mq public/scss/main.scss public/css/main.css'.
23 error Make sure you have the latest version of node.js and npm installed.
23 error If you do, this is most likely a problem with the survivalofthebestfit package,
23 error not with npm itself.
23 error Tell the author that this fails on your system:
23 error     node-sass --include-path node_modules/sass-mq public/scss/main.scss public/css/main.css
23 error You can get information on how to open an issue for this project with:
23 error     npm bugs survivalofthebestfit
23 error Or if that isn't available, you can get their info via:
23 error     npm owner ls survivalofthebestfit
23 error There is likely additional logging output above.
24 verbose exit [ 1, true ]
